[1] Log opened at 2019-05-07 21:48:27
[1] I: Checking remote connect back address.
[1] I: Checking header 'HTTP_X_FORWARDED_FOR'.
[1] I: Checking header 'REMOTE_ADDR'.
[1] W: Remote address not found, connecting to configured address/port: localhost:9000. :-|
[1] W: Creating socket for 'localhost:9000', poll success, but error: Operation now in progress (29).
[1] W: Creating socket for 'localhost:9000', connect: Cannot assign requested address.
[1] E: Could not connect to client. :-(
[1] Log closed at 2019-05-07 21:48:27
[1]
[12] Log opened at 2019-05-07 21:48:27
[12] I: Checking remote connect back address.
[12] I: Checking header 'HTTP_X_FORWARDED_FOR'.
[12] I: Checking header 'REMOTE_ADDR'.
[12] W: Remote address not found, connecting to configured address/port: localhost:9000. :-|
[12] W: Creating socket for 'localhost:9000', poll success, but error: Operation now in progress (29).
[12] W: Creating socket for 'localhost:9000', connect: Cannot assign requested address.
[12] E: Could not connect to client. :-(
[12] Log closed at 2019-05-07 21:48:27
[12]
[20] Log opened at 2019-05-07 21:48:28
[20] I: Checking remote connect back address.
[20] I: Checking header 'HTTP_X_FORWARDED_FOR'.
[20] I: Checking header 'REMOTE_ADDR'.
[20] W: Remote address not found, connecting to configured address/port: localhost:9000. :-|
[20] W: Creating socket for 'localhost:9000', poll success, but error: Operation now in progress (29).
[20] W: Creating socket for 'localhost:9000', connect: Cannot assign requested address.
[20] E: Could not connect to client. :-(
[20] Log closed at 2019-05-07 21:48:28
[20]
[1] Log opened at 2019-06-12 08:51:51
[1] I: Checking remote connect back address.
[1] I: Checking header 'HTTP_X_FORWARDED_FOR'.
[1] I: Checking header 'REMOTE_ADDR'.
[1] W: Remote address not found, connecting to configured address/port: localhost:9000. :-|
[1] W: Creating socket for 'localhost:9000', poll success, but error: Operation now in progress (29).
[1] W: Creating socket for 'localhost:9000', connect: Cannot assign requested address.
[1] E: Could not connect to client. :-(
[1] Log closed at 2019-06-12 08:51:51
[1]
[1] Log opened at 2019-06-12 08:52:36
[1] I: Checking remote connect back address.
[1] I: Checking header 'HTTP_X_FORWARDED_FOR'.
[1] I: Checking header 'REMOTE_ADDR'.
[1] W: Remote address not found, connecting to configured address/port: localhost:9000. :-|
[1] W: Creating socket for 'localhost:9000', poll success, but error: Operation now in progress (29).
[1] W: Creating socket for 'localhost:9000', connect: Cannot assign requested address.
[1] E: Could not connect to client. :-(
[1] Log closed at 2019-06-12 08:52:36
[1]
[1] Log opened at 2019-06-12 08:53:22
[1] I: Checking remote connect back address.
[1] I: Checking header 'HTTP_X_FORWARDED_FOR'.
[1] I: Checking header 'REMOTE_ADDR'.
[1] W: Remote address not found, connecting to configured address/port: localhost:9000. :-|
[1] W: Creating socket for 'localhost:9000', poll success, but error: Operation now in progress (29).
[1] W: Creating socket for 'localhost:9000', connect: Cannot assign requested address.
[1] E: Could not connect to client. :-(
[1] Log closed at 2019-06-12 08:53:22
[1]
[254] Log opened at 2019-06-12 08:53:31
[254] I: Checking remote connect back address.
[254] I: Checking header 'HTTP_X_FORWARDED_FOR'.
[254] I: Checking header 'REMOTE_ADDR'.
[254] W: Remote address not found, connecting to configured address/port: localhost:9000. :-|
[254] W: Creating socket for 'localhost:9000', poll success, but error: Operation now in progress (29).
[254] W: Creating socket for 'localhost:9000', connect: Cannot assign requested address.
[254] E: Could not connect to client. :-(
[254] Log closed at 2019-06-12 08:53:31
[254]
[262] Log opened at 2019-06-12 08:53:33
[262] I: Checking remote connect back address.
[262] I: Checking header 'HTTP_X_FORWARDED_FOR'.
[262] I: Checking header 'REMOTE_ADDR'.
[262] W: Remote address not found, connecting to configured address/port: localhost:9000. :-|
[262] W: Creating socket for 'localhost:9000', poll success, but error: Operation now in progress (29).
[262] W: Creating socket for 'localhost:9000', connect: Cannot assign requested address.
[262] E: Could not connect to client. :-(
[262] Log closed at 2019-06-12 08:53:33
[262]
[1] Log opened at 2019-06-12 08:56:28
[1] I: Checking remote connect back address.
[1] I: Checking header 'HTTP_X_FORWARDED_FOR'.
[1] I: Checking header 'REMOTE_ADDR'.
[1] W: Remote address not found, connecting to configured address/port: localhost:9000. :-|
[1] W: Creating socket for 'localhost:9000', poll success, but error: Operation now in progress (29).
[1] W: Creating socket for 'localhost:9000', connect: Cannot assign requested address.
[1] E: Could not connect to client. :-(
[1] Log closed at 2019-06-12 08:56:28
[1]
[12] Log opened at 2019-06-12 08:56:28
[12] I: Checking remote connect back address.
[12] I: Checking header 'HTTP_X_FORWARDED_FOR'.
[12] I: Checking header 'REMOTE_ADDR'.
[12] W: Remote address not found, connecting to configured address/port: localhost:9000. :-|
[12] W: Creating socket for 'localhost:9000', poll success, but error: Operation now in progress (29).
[12] W: Creating socket for 'localhost:9000', connect: Cannot assign requested address.
[12] E: Could not connect to client. :-(
[12] Log closed at 2019-06-12 08:56:28
[12]
[20] Log opened at 2019-06-12 08:56:29
[20] I: Checking remote connect back address.
[20] I: Checking header 'HTTP_X_FORWARDED_FOR'.
[20] I: Checking header 'REMOTE_ADDR'.
[20] W: Remote address not found, connecting to configured address/port: localhost:9000. :-|
[20] W: Creating socket for 'localhost:9000', poll success, but error: Operation now in progress (29).
[20] W: Creating socket for 'localhost:9000', connect: Cannot assign requested address.
[20] E: Could not connect to client. :-(
[20] Log closed at 2019-06-12 08:56:29
[20]
[1] Log opened at 2019-06-12 08:56:45
[1] I: Checking remote connect back address.
[1] I: Checking header 'HTTP_X_FORWARDED_FOR'.
[1] I: Checking header 'REMOTE_ADDR'.
[1] W: Remote address not found, connecting to configured address/port: localhost:9000. :-|
[1] W: Creating socket for 'localhost:9000', poll success, but error: Operation now in progress (29).
[1] W: Creating socket for 'localhost:9000', connect: Cannot assign requested address.
[1] E: Could not connect to client. :-(
[1] Log closed at 2019-06-12 08:56:45
[1]
[12] Log opened at 2019-06-12 08:56:45
[12] I: Checking remote connect back address.
[12] I: Checking header 'HTTP_X_FORWARDED_FOR'.
[12] I: Checking header 'REMOTE_ADDR'.
[12] W: Remote address not found, connecting to configured address/port: localhost:9000. :-|
[12] W: Creating socket for 'localhost:9000', poll success, but error: Operation now in progress (29).
[12] W: Creating socket for 'localhost:9000', connect: Cannot assign requested address.
[12] E: Could not connect to client. :-(
[12] Log closed at 2019-06-12 08:56:45
[12]
[20] Log opened at 2019-06-12 08:56:46
[20] I: Checking remote connect back address.
[20] I: Checking header 'HTTP_X_FORWARDED_FOR'.
[20] I: Checking header 'REMOTE_ADDR'.
[20] W: Remote address not found, connecting to configured address/port: localhost:9000. :-|
[20] W: Creating socket for 'localhost:9000', poll success, but error: Operation now in progress (29).
[20] W: Creating socket for 'localhost:9000', connect: Cannot assign requested address.
[20] E: Could not connect to client. :-(
[20] Log closed at 2019-06-12 08:56:46
[20]
[1] Log opened at 2019-06-12 08:56:54
[1] I: Checking remote connect back address.
[1] I: Checking header 'HTTP_X_FORWARDED_FOR'.
[1] I: Checking header 'REMOTE_ADDR'.
[1] W: Remote address not found, connecting to configured address/port: localhost:9000. :-|
[1] W: Creating socket for 'localhost:9000', poll success, but error: Operation now in progress (29).
[1] W: Creating socket for 'localhost:9000', connect: Cannot assign requested address.
[1] E: Could not connect to client. :-(
[1] Log closed at 2019-06-12 08:56:54
[1]
[12] Log opened at 2019-06-12 08:56:54
[12] I: Checking remote connect back address.
[12] I: Checking header 'HTTP_X_FORWARDED_FOR'.
[12] I: Checking header 'REMOTE_ADDR'.
[12] W: Remote address not found, connecting to configured address/port: localhost:9000. :-|
[12] W: Creating socket for 'localhost:9000', poll success, but error: Operation now in progress (29).
[12] W: Creating socket for 'localhost:9000', connect: Cannot assign requested address.
[12] E: Could not connect to client. :-(
[12] Log closed at 2019-06-12 08:56:54
[12]
[20] Log opened at 2019-06-12 08:56:55
[20] I: Checking remote connect back address.
[20] I: Checking header 'HTTP_X_FORWARDED_FOR'.
[20] I: Checking header 'REMOTE_ADDR'.
[20] W: Remote address not found, connecting to configured address/port: localhost:9000. :-|
[20] W: Creating socket for 'localhost:9000', poll success, but error: Operation now in progress (29).
[20] W: Creating socket for 'localhost:9000', connect: Cannot assign requested address.
[20] E: Could not connect to client. :-(
[20] Log closed at 2019-06-12 08:56:55
[20]
[1] Log opened at 2019-06-12 09:09:06
[1] I: Checking remote connect back address.
[1] I: Checking header 'HTTP_X_FORWARDED_FOR'.
[1] I: Checking header 'REMOTE_ADDR'.
[1] W: Remote address not found, connecting to configured address/port: localhost:9000. :-|
[1] W: Creating socket for 'localhost:9000', poll success, but error: Operation now in progress (29).
[1] W: Creating socket for 'localhost:9000', connect: Cannot assign requested address.
[1] E: Could not connect to client. :-(
[1] Log closed at 2019-06-12 09:09:06
[1]
[1] Log opened at 2019-06-12 09:11:23
[1] I: Checking remote connect back address.
[1] I: Checking header 'HTTP_X_FORWARDED_FOR'.
[1] I: Checking header 'REMOTE_ADDR'.
[1] W: Remote address not found, connecting to configured address/port: localhost:9000. :-|
[1] W: Creating socket for 'localhost:9000', poll success, but error: Operation now in progress (29).
[1] W: Creating socket for 'localhost:9000', connect: Cannot assign requested address.
[1] E: Could not connect to client. :-(
[1] Log closed at 2019-06-12 09:11:23
[1]
[1] Log opened at 2019-06-12 09:12:38
[1] I: Checking remote connect back address.
[1] I: Checking header 'HTTP_X_FORWARDED_FOR'.
[1] I: Checking header 'REMOTE_ADDR'.
[1] W: Remote address not found, connecting to configured address/port: localhost:9000. :-|
[1] W: Creating socket for 'localhost:9000', poll success, but error: Operation now in progress (29).
[1] W: Creating socket for 'localhost:9000', connect: Cannot assign requested address.
[1] E: Could not connect to client. :-(
[1] Log closed at 2019-06-12 09:12:38
[1]
[1] Log opened at 2019-06-12 09:13:56
[1] I: Checking remote connect back address.
[1] I: Checking header 'HTTP_X_FORWARDED_FOR'.
[1] I: Checking header 'REMOTE_ADDR'.
[1] W: Remote address not found, connecting to configured address/port: localhost:9000. :-|
[1] W: Creating socket for 'localhost:9000', poll success, but error: Operation now in progress (29).
[1] W: Creating socket for 'localhost:9000', connect: Cannot assign requested address.
[1] E: Could not connect to client. :-(
[1] Log closed at 2019-06-12 09:13:56
[1]
[1] Log opened at 2019-06-12 09:14:11
[1] I: Checking remote connect back address.
[1] I: Checking header 'HTTP_X_FORWARDED_FOR'.
[1] I: Checking header 'REMOTE_ADDR'.
[1] W: Remote address not found, connecting to configured address/port: localhost:9000. :-|
[1] W: Creating socket for 'localhost:9000', poll success, but error: Operation now in progress (29).
[1] W: Creating socket for 'localhost:9000', connect: Cannot assign requested address.
[1] E: Could not connect to client. :-(
[1] Log closed at 2019-06-12 09:14:11
[1]
[1] Log opened at 2019-06-12 09:15:03
[1] I: Checking remote connect back address.
[1] I: Checking header 'HTTP_X_FORWARDED_FOR'.
[1] I: Checking header 'REMOTE_ADDR'.
[1] W: Remote address not found, connecting to configured address/port: localhost:9000. :-|
[1] W: Creating socket for 'localhost:9000', poll success, but error: Operation now in progress (29).
[1] W: Creating socket for 'localhost:9000', connect: Cannot assign requested address.
[1] E: Could not connect to client. :-(
[1] Log closed at 2019-06-12 09:15:03
[1]
[1] Log opened at 2019-06-12 09:16:03
[1] I: Checking remote connect back address.
[1] I: Checking header 'HTTP_X_FORWARDED_FOR'.
[1] I: Checking header 'REMOTE_ADDR'.
[1] W: Remote address not found, connecting to configured address/port: localhost:9000. :-|
[1] W: Creating socket for 'localhost:9000', poll success, but error: Operation now in progress (29).
[1] W: Creating socket for 'localhost:9000', connect: Cannot assign requested address.
[1] E: Could not connect to client. :-(
[1] Log closed at 2019-06-12 09:16:03
[1]
[1] Log opened at 2019-06-12 09:16:14
[1] I: Checking remote connect back address.
[1] I: Checking header 'HTTP_X_FORWARDED_FOR'.
[1] I: Checking header 'REMOTE_ADDR'.
[1] W: Remote address not found, connecting to configured address/port: localhost:9000. :-|
[1] W: Creating socket for 'localhost:9000', poll success, but error: Operation now in progress (29).
[1] W: Creating socket for 'localhost:9000', connect: Cannot assign requested address.
[1] E: Could not connect to client. :-(
[1] Log closed at 2019-06-12 09:16:14
[1]
[1] Log opened at 2019-06-12 09:16:39
[1] I: Checking remote connect back address.
[1] I: Checking header 'HTTP_X_FORWARDED_FOR'.
[1] I: Checking header 'REMOTE_ADDR'.
[1] W: Remote address not found, connecting to configured address/port: localhost:9000. :-|
[1] W: Creating socket for 'localhost:9000', poll success, but error: Operation now in progress (29).
[1] W: Creating socket for 'localhost:9000', connect: Cannot assign requested address.
[1] E: Could not connect to client. :-(
[1] Log closed at 2019-06-12 09:16:39
[1]
